<?xml version="1.0" encoding="UTF-8"?>
<!-- Generated by org.testng.reporters.JUnitXMLReporter -->
<testsuite ignored="0" hostname="DESKTOP-POULLFM" failures="0" tests="2" name="Default test" time="98.152" errors="0" timestamp="2025-11-02T18:21:17 IST">
  <testcase classname="testautomationproject.Seleniumprojectjava.DatafromExcelTest" name="getDataFromExcel" time="32.503"/>
  <testcase classname="testautomationproject.Seleniumprojectjava.DatafromExcelTest" name="getDataFromExcel" time="24.596"/>
</testsuite> <!-- Default test -->
