<?xml version="1.0" encoding="UTF-8"?>
<!-- Generated by org.testng.reporters.JUnitXMLReporter -->
<testsuite ignored="1" hostname="DESKTOP-POULLFM" failures="0" tests="1" name="Error Validations" time="7.975" errors="0" timestamp="2025-02-23T14:33:52 IST">
  <testcase classname="testautomationproject.Seleniumprojectjava.ErrorValidationsTest" name="viewProduct" time="2.711"/>
  <testcase classname="testautomationproject.Seleniumprojectjava.ErrorValidationsTest" name="ErrorMsgValidations" time="0.0">
    <ignored/>
  </testcase> <!-- ErrorMsgValidations -->
</testsuite> <!-- Error Validations -->
