<?xml version="1.0" encoding="UTF-8"?>
<!-- Generated by org.testng.reporters.JUnitXMLReporter -->
<testsuite ignored="0" hostname="DESKTOP-POULLFM" failures="0" tests="9" name="Filter Products Test" time="99.741" errors="0" timestamp="2025-03-30T17:20:07 IST">
  <testcase classname="testautomationproject.Seleniumprojectjava.ExtendedTest" name="filterProducts" time="10.607"/>
  <testcase classname="testautomationproject.Seleniumprojectjava.ExtendedTest" name="filterProducts" time="10.493"/>
  <testcase classname="testautomationproject.Seleniumprojectjava.ExtendedTest" name="filterProducts" time="11.914"/>
  <testcase classname="testautomationproject.Seleniumprojectjava.ExtendedTest" name="filterProducts" time="9.789"/>
  <testcase classname="testautomationproject.Seleniumprojectjava.ExtendedTest" name="filterProducts" time="9.931"/>
  <testcase classname="testautomationproject.Seleniumprojectjava.ExtendedTest" name="filterProducts" time="10.389"/>
  <testcase classname="testautomationproject.Seleniumprojectjava.ExtendedTest" name="filterWithText" time="4.049"/>
  <testcase classname="testautomationproject.Seleniumprojectjava.ExtendedTest" name="filterWithText" time="4.11"/>
  <testcase classname="testautomationproject.Seleniumprojectjava.ExtendedTest" name="filterWithText" time="4.173"/>
</testsuite> <!-- Filter Products Test -->
