<?xml version="1.0" encoding="UTF-8"?>
<!-- Generated by org.testng.reporters.JUnitXMLReporter -->
<testsuite ignored="3" hostname="DESKTOP-POULLFM" failures="0" tests="1" name="Submit order Test" time="13.363" errors="0" timestamp="2025-02-23T15:16:24 IST">
  <testcase classname="testautomationproject.Seleniumprojectjava.StandaloneTest" name="submitOrder" time="6.979"/>
  <testcase classname="testautomationproject.Seleniumprojectjava.StandaloneTest" name="deleteIteminCart" time="0.0">
    <ignored/>
  </testcase> <!-- deleteIteminCart -->
  <testcase classname="testautomationproject.Seleniumprojectjava.StandaloneTest" name="validateMultipleData" time="0.0">
    <ignored/>
  </testcase> <!-- validateMultipleData -->
  <testcase classname="testautomationproject.Seleniumprojectjava.StandaloneTest" name="viewOrder" time="0.0">
    <ignored/>
  </testcase> <!-- viewOrder -->
</testsuite> <!-- Submit order Test -->
