<?xml version="1.0" encoding="UTF-8"?>
<testng-results ignored="0" total="9" passed="9" failed="0" skipped="0">
  <reporter-output>
  </reporter-output>
  <suite started-at="2025-03-30T17:18:27 IST" name="Suite" finished-at="2025-03-30T17:20:07 IST" duration-ms="99741">
    <groups>
      <group name="Filter">
        <method signature="ExtendedTest.filterProducts(java.util.Map)[pri:0, instance:testautomationproject.Seleniumprojectjava.ExtendedTest@54e041a4]" name="filterProducts" class="testautomationproject.Seleniumprojectjava.ExtendedTest"/>
        <method signature="ExtendedTest.filterWithText(java.lang.String)[pri:0, instance:testautomationproject.Seleniumprojectjava.ExtendedTest@54e041a4]" name="filterWithText" class="testautomationproject.Seleniumprojectjava.ExtendedTest"/>
      </group> <!-- Filter -->
    </groups>
    <test started-at="2025-03-30T17:18:27 IST" name="Filter Products Test" finished-at="2025-03-30T17:20:07 IST" duration-ms="99741">
      <class name="testautomationproject.Seleniumprojectjava.ExtendedTest">
        <test-method is-config="true" signature="LaunchApplication()[pri:0, instance:testautomationproject.Seleniumprojectjava.ExtendedTest@54e041a4]" started-at="2025-03-30T17:18:27 IST" name="LaunchApplication" finished-at="2025-03-30T17:18:31 IST" duration-ms="3971" status="PASS">
          <reporter-output>
          </reporter-output>
        </test-method> <!-- LaunchApplication -->
        <test-method signature="filterProducts(java.util.Map)[pri:0, instance:testautomationproject.Seleniumprojectjava.ExtendedTest@54e041a4]" started-at="2025-03-30T17:18:31 IST" name="filterProducts" data-provider="getFilterData" finished-at="2025-03-30T17:18:42 IST" duration-ms="10607" status="PASS">
          <params>
            <param index="0">
              <value>
                <![CDATA[{filter=Categories, subfilter=fashion}]]>
              </value>
            </param>
          </params>
          <reporter-output>
          </reporter-output>
        </test-method> <!-- filterProducts -->
        <test-method is-config="true" signature="tearDown()[pri:0, instance:testautomationproject.Seleniumprojectjava.ExtendedTest@54e041a4]" started-at="2025-03-30T17:18:42 IST" name="tearDown" finished-at="2025-03-30T17:18:42 IST" duration-ms="176" status="PASS">
          <reporter-output>
          </reporter-output>
        </test-method> <!-- tearDown -->
        <test-method is-config="true" signature="LaunchApplication()[pri:0, instance:testautomationproject.Seleniumprojectjava.ExtendedTest@54e041a4]" started-at="2025-03-30T17:18:42 IST" name="LaunchApplication" finished-at="2025-03-30T17:18:45 IST" duration-ms="2873" status="PASS">
          <reporter-output>
          </reporter-output>
        </test-method> <!-- LaunchApplication -->
        <test-method signature="filterProducts(java.util.Map)[pri:0, instance:testautomationproject.Seleniumprojectjava.ExtendedTest@54e041a4]" started-at="2025-03-30T17:18:45 IST" name="filterProducts" data-provider="getFilterData" finished-at="2025-03-30T17:18:55 IST" duration-ms="10493" status="PASS">
          <params>
            <param index="0">
              <value>
                <![CDATA[{filter=Categories, subfilter=electronics}]]>
              </value>
            </param>
          </params>
          <reporter-output>
          </reporter-output>
        </test-method> <!-- filterProducts -->
        <test-method is-config="true" signature="tearDown()[pri:0, instance:testautomationproject.Seleniumprojectjava.ExtendedTest@54e041a4]" started-at="2025-03-30T17:18:55 IST" name="tearDown" finished-at="2025-03-30T17:18:55 IST" duration-ms="160" status="PASS">
          <reporter-output>
          </reporter-output>
        </test-method> <!-- tearDown -->
        <test-method is-config="true" signature="LaunchApplication()[pri:0, instance:testautomationproject.Seleniumprojectjava.ExtendedTest@54e041a4]" started-at="2025-03-30T17:18:55 IST" name="LaunchApplication" finished-at="2025-03-30T17:18:58 IST" duration-ms="2755" status="PASS">
          <reporter-output>
          </reporter-output>
        </test-method> <!-- LaunchApplication -->
        <test-method signature="filterProducts(java.util.Map)[pri:0, instance:testautomationproject.Seleniumprojectjava.ExtendedTest@54e041a4]" started-at="2025-03-30T17:18:58 IST" name="filterProducts" data-provider="getFilterData" finished-at="2025-03-30T17:19:10 IST" duration-ms="11914" status="PASS">
          <params>
            <param index="0">
              <value>
                <![CDATA[{filter=Categories, subfilter=household}]]>
              </value>
            </param>
          </params>
          <reporter-output>
          </reporter-output>
        </test-method> <!-- filterProducts -->
        <test-method is-config="true" signature="tearDown()[pri:0, instance:testautomationproject.Seleniumprojectjava.ExtendedTest@54e041a4]" started-at="2025-03-30T17:19:10 IST" name="tearDown" finished-at="2025-03-30T17:19:10 IST" duration-ms="192" status="PASS">
          <reporter-output>
          </reporter-output>
        </test-method> <!-- tearDown -->
        <test-method is-config="true" signature="LaunchApplication()[pri:0, instance:testautomationproject.Seleniumprojectjava.ExtendedTest@54e041a4]" started-at="2025-03-30T17:19:10 IST" name="LaunchApplication" finished-at="2025-03-30T17:19:12 IST" duration-ms="2193" status="PASS">
          <reporter-output>
          </reporter-output>
        </test-method> <!-- LaunchApplication -->
        <test-method signature="filterProducts(java.util.Map)[pri:0, instance:testautomationproject.Seleniumprojectjava.ExtendedTest@54e041a4]" started-at="2025-03-30T17:19:12 IST" name="filterProducts" data-provider="getFilterData" finished-at="2025-03-30T17:19:22 IST" duration-ms="9789" status="PASS">
          <params>
            <param index="0">
              <value>
                <![CDATA[{filter=Sub categories, subfilter=shirts}]]>
              </value>
            </param>
          </params>
          <reporter-output>
          </reporter-output>
        </test-method> <!-- filterProducts -->
        <test-method is-config="true" signature="tearDown()[pri:0, instance:testautomationproject.Seleniumprojectjava.ExtendedTest@54e041a4]" started-at="2025-03-30T17:19:22 IST" name="tearDown" finished-at="2025-03-30T17:19:22 IST" duration-ms="80" status="PASS">
          <reporter-output>
          </reporter-output>
        </test-method> <!-- tearDown -->
        <test-method is-config="true" signature="LaunchApplication()[pri:0, instance:testautomationproject.Seleniumprojectjava.ExtendedTest@54e041a4]" started-at="2025-03-30T17:19:22 IST" name="LaunchApplication" finished-at="2025-03-30T17:19:24 IST" duration-ms="2009" status="PASS">
          <reporter-output>
          </reporter-output>
        </test-method> <!-- LaunchApplication -->
        <test-method signature="filterProducts(java.util.Map)[pri:0, instance:testautomationproject.Seleniumprojectjava.ExtendedTest@54e041a4]" started-at="2025-03-30T17:19:24 IST" name="filterProducts" data-provider="getFilterData" finished-at="2025-03-30T17:19:34 IST" duration-ms="9931" status="PASS">
          <params>
            <param index="0">
              <value>
                <![CDATA[{filter=Sub categories, subfilter=mobiles}]]>
              </value>
            </param>
          </params>
          <reporter-output>
          </reporter-output>
        </test-method> <!-- filterProducts -->
        <test-method is-config="true" signature="tearDown()[pri:0, instance:testautomationproject.Seleniumprojectjava.ExtendedTest@54e041a4]" started-at="2025-03-30T17:19:34 IST" name="tearDown" finished-at="2025-03-30T17:19:34 IST" duration-ms="201" status="PASS">
          <reporter-output>
          </reporter-output>
        </test-method> <!-- tearDown -->
        <test-method is-config="true" signature="LaunchApplication()[pri:0, instance:testautomationproject.Seleniumprojectjava.ExtendedTest@54e041a4]" started-at="2025-03-30T17:19:34 IST" name="LaunchApplication" finished-at="2025-03-30T17:19:37 IST" duration-ms="2759" status="PASS">
          <reporter-output>
          </reporter-output>
        </test-method> <!-- LaunchApplication -->
        <test-method signature="filterProducts(java.util.Map)[pri:0, instance:testautomationproject.Seleniumprojectjava.ExtendedTest@54e041a4]" started-at="2025-03-30T17:19:37 IST" name="filterProducts" data-provider="getFilterData" finished-at="2025-03-30T17:19:48 IST" duration-ms="10389" status="PASS">
          <params>
            <param index="0">
              <value>
                <![CDATA[{filter=Search For, subfilter=women}]]>
              </value>
            </param>
          </params>
          <reporter-output>
          </reporter-output>
        </test-method> <!-- filterProducts -->
        <test-method is-config="true" signature="tearDown()[pri:0, instance:testautomationproject.Seleniumprojectjava.ExtendedTest@54e041a4]" started-at="2025-03-30T17:19:48 IST" name="tearDown" finished-at="2025-03-30T17:19:48 IST" duration-ms="177" status="PASS">
          <reporter-output>
          </reporter-output>
        </test-method> <!-- tearDown -->
        <test-method is-config="true" signature="LaunchApplication()[pri:0, instance:testautomationproject.Seleniumprojectjava.ExtendedTest@54e041a4]" started-at="2025-03-30T17:19:48 IST" name="LaunchApplication" finished-at="2025-03-30T17:19:50 IST" duration-ms="1857" status="PASS">
          <reporter-output>
          </reporter-output>
        </test-method> <!-- LaunchApplication -->
        <test-method signature="filterWithText(java.lang.String)[pri:0, instance:testautomationproject.Seleniumprojectjava.ExtendedTest@54e041a4]" started-at="2025-03-30T17:19:50 IST" name="filterWithText" data-provider="getFilterwithTextdata" finished-at="2025-03-30T17:19:54 IST" duration-ms="4049" status="PASS">
          <params>
            <param index="0">
              <value>
                <![CDATA[ADIDAS]]>
              </value>
            </param>
          </params>
          <reporter-output>
          </reporter-output>
        </test-method> <!-- filterWithText -->
        <test-method is-config="true" signature="tearDown()[pri:0, instance:testautomationproject.Seleniumprojectjava.ExtendedTest@54e041a4]" started-at="2025-03-30T17:19:54 IST" name="tearDown" finished-at="2025-03-30T17:19:54 IST" duration-ms="179" status="PASS">
          <reporter-output>
          </reporter-output>
        </test-method> <!-- tearDown -->
        <test-method is-config="true" signature="LaunchApplication()[pri:0, instance:testautomationproject.Seleniumprojectjava.ExtendedTest@54e041a4]" started-at="2025-03-30T17:19:54 IST" name="LaunchApplication" finished-at="2025-03-30T17:19:56 IST" duration-ms="2121" status="PASS">
          <reporter-output>
          </reporter-output>
        </test-method> <!-- LaunchApplication -->
        <test-method signature="filterWithText(java.lang.String)[pri:0, instance:testautomationproject.Seleniumprojectjava.ExtendedTest@54e041a4]" started-at="2025-03-30T17:19:56 IST" name="filterWithText" data-provider="getFilterwithTextdata" finished-at="2025-03-30T17:20:00 IST" duration-ms="4110" status="PASS">
          <params>
            <param index="0">
              <value>
                <![CDATA[IPHONE]]>
              </value>
            </param>
          </params>
          <reporter-output>
          </reporter-output>
        </test-method> <!-- filterWithText -->
        <test-method is-config="true" signature="tearDown()[pri:0, instance:testautomationproject.Seleniumprojectjava.ExtendedTest@54e041a4]" started-at="2025-03-30T17:20:00 IST" name="tearDown" finished-at="2025-03-30T17:20:00 IST" duration-ms="194" status="PASS">
          <reporter-output>
          </reporter-output>
        </test-method> <!-- tearDown -->
        <test-method is-config="true" signature="LaunchApplication()[pri:0, instance:testautomationproject.Seleniumprojectjava.ExtendedTest@54e041a4]" started-at="2025-03-30T17:20:00 IST" name="LaunchApplication" finished-at="2025-03-30T17:20:02 IST" duration-ms="2078" status="PASS">
          <reporter-output>
          </reporter-output>
        </test-method> <!-- LaunchApplication -->
        <test-method signature="filterWithText(java.lang.String)[pri:0, instance:testautomationproject.Seleniumprojectjava.ExtendedTest@54e041a4]" started-at="2025-03-30T17:20:02 IST" name="filterWithText" data-provider="getFilterwithTextdata" finished-at="2025-03-30T17:20:07 IST" duration-ms="4173" status="PASS">
          <params>
            <param index="0">
              <value>
                <![CDATA[ZARA]]>
              </value>
            </param>
          </params>
          <reporter-output>
          </reporter-output>
        </test-method> <!-- filterWithText -->
        <test-method is-config="true" signature="tearDown()[pri:0, instance:testautomationproject.Seleniumprojectjava.ExtendedTest@54e041a4]" started-at="2025-03-30T17:20:07 IST" name="tearDown" finished-at="2025-03-30T17:20:07 IST" duration-ms="191" status="PASS">
          <reporter-output>
          </reporter-output>
        </test-method> <!-- tearDown -->
      </class> <!-- testautomationproject.Seleniumprojectjava.ExtendedTest -->
    </test> <!-- Filter Products Test -->
  </suite> <!-- Suite -->
</testng-results>
