<?xml version="1.0" encoding="UTF-8"?>
<testng-results ignored="0" total="2" passed="2" failed="0" skipped="0">
  <reporter-output>
  </reporter-output>
  <suite started-at="2025-11-02T18:19:39 IST" name="Default suite" finished-at="2025-11-02T18:21:17 IST" duration-ms="98152">
    <groups>
    </groups>
    <test started-at="2025-11-02T18:19:39 IST" name="Default test" finished-at="2025-11-02T18:21:17 IST" duration-ms="98152">
      <class name="testautomationproject.Seleniumprojectjava.DatafromExcelTest">
        <test-method is-config="true" signature="LaunchApplication()[pri:0, instance:testautomationproject.Seleniumprojectjava.DatafromExcelTest@68878f6d]" started-at="2025-11-02T18:20:08 IST" name="LaunchApplication" finished-at="2025-11-02T18:20:15 IST" duration-ms="6263" status="PASS">
          <reporter-output>
          </reporter-output>
        </test-method> <!-- LaunchApplication -->
        <test-method signature="getDataFromExcel(java.lang.String,java.lang.String)[pri:0, instance:testautomationproject.Seleniumprojectjava.DatafromExcelTest@68878f6d]" started-at="2025-11-02T18:20:15 IST" name="getDataFromExcel" data-provider="getData" finished-at="2025-11-02T18:20:47 IST" duration-ms="32503" status="PASS">
          <params>
            <param index="0">
              <value>
                <![CDATA[achuss@gmail.com]]>
              </value>
            </param>
            <param index="1">
              <value>
                <![CDATA[Achu@123]]>
              </value>
            </param>
          </params>
          <reporter-output>
          </reporter-output>
        </test-method> <!-- getDataFromExcel -->
        <test-method is-config="true" signature="tearDown()[pri:0, instance:testautomationproject.Seleniumprojectjava.DatafromExcelTest@68878f6d]" started-at="2025-11-02T18:20:47 IST" name="tearDown" finished-at="2025-11-02T18:20:47 IST" duration-ms="161" status="PASS">
          <reporter-output>
          </reporter-output>
        </test-method> <!-- tearDown -->
        <test-method is-config="true" signature="LaunchApplication()[pri:0, instance:testautomationproject.Seleniumprojectjava.DatafromExcelTest@68878f6d]" started-at="2025-11-02T18:20:47 IST" name="LaunchApplication" finished-at="2025-11-02T18:20:52 IST" duration-ms="5213" status="PASS">
          <reporter-output>
          </reporter-output>
        </test-method> <!-- LaunchApplication -->
        <test-method signature="getDataFromExcel(java.lang.String,java.lang.String)[pri:0, instance:testautomationproject.Seleniumprojectjava.DatafromExcelTest@68878f6d]" started-at="2025-11-02T18:20:52 IST" name="getDataFromExcel" data-provider="getData" finished-at="2025-11-02T18:21:17 IST" duration-ms="24596" status="PASS">
          <params>
            <param index="0">
              <value>
                <![CDATA[email@exc.com]]>
              </value>
            </param>
            <param index="1">
              <value>
                <![CDATA[Email@123.com]]>
              </value>
            </param>
          </params>
          <reporter-output>
          </reporter-output>
        </test-method> <!-- getDataFromExcel -->
        <test-method is-config="true" signature="tearDown()[pri:0, instance:testautomationproject.Seleniumprojectjava.DatafromExcelTest@68878f6d]" started-at="2025-11-02T18:21:17 IST" name="tearDown" finished-at="2025-11-02T18:21:17 IST" duration-ms="157" status="PASS">
          <reporter-output>
          </reporter-output>
        </test-method> <!-- tearDown -->
      </class> <!-- testautomationproject.Seleniumprojectjava.DatafromExcelTest -->
    </test> <!-- Default test -->
  </suite> <!-- Default suite -->
</testng-results>
