<?xml version="1.0" encoding="UTF-8"?>
<testng-results ignored="0" total="1" passed="1" failed="0" skipped="0">
  <reporter-output>
  </reporter-output>
  <suite started-at="2025-06-25T11:09:44 IST" name="Default suite" finished-at="2025-06-25T11:09:56 IST" duration-ms="11860">
    <groups>
    </groups>
    <test started-at="2025-06-25T11:09:44 IST" name="Default test" finished-at="2025-06-25T11:09:56 IST" duration-ms="11860">
      <class name="testautomationproject.Seleniumprojectjava.UploadDownloadBasic">
        <test-method is-config="true" signature="LaunchApplication()[pri:0, instance:testautomationproject.Seleniumprojectjava.UploadDownloadBasic@20bd8be5]" started-at="2025-06-25T11:09:44 IST" name="LaunchApplication" finished-at="2025-06-25T11:09:48 IST" duration-ms="4318" status="PASS">
          <reporter-output>
          </reporter-output>
        </test-method> <!-- LaunchApplication -->
        <test-method signature="BasicUploadDownload()[pri:0, instance:testautomationproject.Seleniumprojectjava.UploadDownloadBasic@20bd8be5]" started-at="2025-06-25T11:09:48 IST" name="BasicUploadDownload" finished-at="2025-06-25T11:09:56 IST" duration-ms="7336" status="PASS">
          <reporter-output>
          </reporter-output>
        </test-method> <!-- BasicUploadDownload -->
        <test-method is-config="true" signature="tearDown()[pri:0, instance:testautomationproject.Seleniumprojectjava.UploadDownloadBasic@20bd8be5]" started-at="2025-06-25T11:09:56 IST" name="tearDown" finished-at="2025-06-25T11:09:56 IST" duration-ms="143" status="PASS">
          <reporter-output>
          </reporter-output>
        </test-method> <!-- tearDown -->
      </class> <!-- testautomationproject.Seleniumprojectjava.UploadDownloadBasic -->
    </test> <!-- Default test -->
  </suite> <!-- Default suite -->
</testng-results>
