<?xml version="1.0" encoding="UTF-8"?>
<!-- Generated by org.testng.reporters.JUnitReportReporter -->
<testsuite hostname="DESKTOP-POULLFM" failures="0" tests="1" name="testautomationproject.Seleniumprojectjava.UploadFileAutoIT" time="28.904" errors="0" timestamp="2025-11-14T18:23:35 IST" skipped="0">
  <testcase classname="testautomationproject.Seleniumprojectjava.UploadFileAutoIT" name="uploadFile" time="28.904"/>
</testsuite> <!-- testautomationproject.Seleniumprojectjava.UploadFileAutoIT -->
