<?xml version="1.0" encoding="UTF-8"?>
<!-- Generated by org.testng.reporters.JUnitReportReporter -->
<testsuite hostname="DESKTOP-POULLFM" failures="0" tests="1" name="testautomationproject.Seleniumprojectjava.sampleShadowDOM" time="10.397" errors="0" timestamp="2025-12-07T18:20:19 IST" skipped="0">
  <testcase classname="testautomationproject.Seleniumprojectjava.sampleShadowDOM" name="shadowDomTest" time="10.397"/>
</testsuite> <!-- testautomationproject.Seleniumprojectjava.sampleShadowDOM -->
