<?xml version="1.0" encoding="UTF-8"?>
<!-- Generated by org.testng.reporters.JUnitReportReporter -->
<testsuite hostname="DESKTOP-POULLFM" failures="0" tests="2" name="testautomationproject.Seleniumprojectjava.DatafromExcelTest" time="68.893" errors="0" timestamp="2025-11-02T18:21:17 IST" skipped="0">
  <testcase classname="testautomationproject.Seleniumprojectjava.DatafromExcelTest" name="getDataFromExcel" time="38.927"/>
  <testcase classname="testautomationproject.Seleniumprojectjava.DatafromExcelTest" name="getDataFromExcel" time="29.966"/>
</testsuite> <!-- testautomationproject.Seleniumprojectjava.DatafromExcelTest -->
