<?xml version="1.0" encoding="UTF-8"?>
<!-- Generated by org.testng.reporters.JUnitReportReporter -->
<testsuite hostname="DESKTOP-POULLFM" failures="0" tests="1" name="testautomationproject.Seleniumprojectjava.sampleWindowHandling" time="7.593" errors="0" timestamp="2025-08-24T19:57:39 IST" skipped="0">
  <testcase classname="testautomationproject.Seleniumprojectjava.sampleWindowHandling" name="BasicWindowSwitch" time="7.593"/>
</testsuite> <!-- testautomationproject.Seleniumprojectjava.sampleWindowHandling -->
